{"/Users/robertzetterlund/Chalmers/togepi_code/Backend/API/api.js": {"path":"/Users/robertzetterlund/Chalmers/togepi_code/Backend/API/api.js","statementMap":{"0":{"start":{"line":4,"column":18},"end":{"line":4,"column":48}},"1":{"start":{"line":6,"column":20},"end":{"line":12,"column":1}},"2":{"start":{"line":11,"column":4},"end":{"line":11,"column":39}},"3":{"start":{"line":14,"column":16},"end":{"line":16,"column":1}},"4":{"start":{"line":15,"column":4},"end":{"line":15,"column":49}},"5":{"start":{"line":18,"column":18},"end":{"line":20,"column":1}},"6":{"start":{"line":19,"column":4},"end":{"line":19,"column":51}},"7":{"start":{"line":22,"column":19},"end":{"line":29,"column":1}},"8":{"start":{"line":26,"column":19},"end":{"line":26,"column":54}},"9":{"start":{"line":26,"column":27},"end":{"line":26,"column":54}},"10":{"start":{"line":27,"column":22},"end":{"line":27,"column":40}},"11":{"start":{"line":28,"column":4},"end":{"line":28,"column":41}},"12":{"start":{"line":31,"column":21},"end":{"line":38,"column":1}},"13":{"start":{"line":35,"column":19},"end":{"line":35,"column":62}},"14":{"start":{"line":35,"column":31},"end":{"line":35,"column":62}},"15":{"start":{"line":36,"column":22},"end":{"line":36,"column":40}},"16":{"start":{"line":37,"column":4},"end":{"line":37,"column":51}},"17":{"start":{"line":40,"column":24},"end":{"line":57,"column":1}},"18":{"start":{"line":47,"column":17},"end":{"line":47,"column":32}},"19":{"start":{"line":48,"column":4},"end":{"line":48,"column":50}},"20":{"start":{"line":48,"column":28},"end":{"line":48,"column":50}},"21":{"start":{"line":50,"column":20},"end":{"line":50,"column":32}},"22":{"start":{"line":53,"column":4},"end":{"line":53,"column":54}},"23":{"start":{"line":53,"column":17},"end":{"line":53,"column":54}},"24":{"start":{"line":56,"column":4},"end":{"line":56,"column":33}},"25":{"start":{"line":59,"column":0},"end":{"line":69,"column":2}}},"fnMap":{"0":{"name":"(anonymous_0)","decl":{"start":{"line":6,"column":20},"end":{"line":6,"column":21}},"loc":{"start":{"line":6,"column":34},"end":{"line":12,"column":1}},"line":6},"1":{"name":"(anonymous_1)","decl":{"start":{"line":14,"column":16},"end":{"line":14,"column":17}},"loc":{"start":{"line":14,"column":30},"end":{"line":16,"column":1}},"line":14},"2":{"name":"(anonymous_2)","decl":{"start":{"line":18,"column":18},"end":{"line":18,"column":19}},"loc":{"start":{"line":18,"column":32},"end":{"line":20,"column":1}},"line":18},"3":{"name":"(anonymous_3)","decl":{"start":{"line":22,"column":19},"end":{"line":22,"column":20}},"loc":{"start":{"line":22,"column":36},"end":{"line":29,"column":1}},"line":22},"4":{"name":"(anonymous_4)","decl":{"start":{"line":26,"column":19},"end":{"line":26,"column":20}},"loc":{"start":{"line":26,"column":27},"end":{"line":26,"column":54}},"line":26},"5":{"name":"(anonymous_5)","decl":{"start":{"line":31,"column":21},"end":{"line":31,"column":22}},"loc":{"start":{"line":31,"column":38},"end":{"line":38,"column":1}},"line":31},"6":{"name":"(anonymous_6)","decl":{"start":{"line":35,"column":19},"end":{"line":35,"column":20}},"loc":{"start":{"line":35,"column":31},"end":{"line":35,"column":62}},"line":35},"7":{"name":"(anonymous_7)","decl":{"start":{"line":40,"column":24},"end":{"line":40,"column":25}},"loc":{"start":{"line":40,"column":46},"end":{"line":57,"column":1}},"line":40}},"branchMap":{"0":{"loc":{"start":{"line":28,"column":11},"end":{"line":28,"column":40}},"type":"cond-expr","locations":[{"start":{"line":28,"column":23},"end":{"line":28,"column":32}},{"start":{"line":28,"column":35},"end":{"line":28,"column":40}}],"line":28},"1":{"loc":{"start":{"line":37,"column":11},"end":{"line":37,"column":50}},"type":"cond-expr","locations":[{"start":{"line":37,"column":23},"end":{"line":37,"column":42}},{"start":{"line":37,"column":45},"end":{"line":37,"column":50}}],"line":37},"2":{"loc":{"start":{"line":48,"column":4},"end":{"line":48,"column":50}},"type":"if","locations":[{"start":{"line":48,"column":4},"end":{"line":48,"column":50}},{"start":{"line":48,"column":4},"end":{"line":48,"column":50}}],"line":48},"3":{"loc":{"start":{"line":53,"column":4},"end":{"line":53,"column":54}},"type":"if","locations":[{"start":{"line":53,"column":4},"end":{"line":53,"column":54}},{"start":{"line":53,"column":4},"end":{"line":53,"column":54}}],"line":53}},"s":{"0":1,"1":1,"2":0,"3":1,"4":0,"5":1,"6":0,"7":1,"8":2,"9":7,"10":2,"11":2,"12":1,"13":2,"14":7,"15":2,"16":2,"17":1,"18":0,"19":0,"20":0,"21":0,"22":0,"23":0,"24":0,"25":1},"f":{"0":0,"1":0,"2":0,"3":2,"4":7,"5":2,"6":7,"7":0},"b":{"0":[1,1],"1":[1,1],"2":[0,0],"3":[0,0]},"_coverageSchema":"43e27e138ebf9cfc5966b082cf9a028302ed4184","hash":"55a42d905d062c4c3ab1b7c4fb7fb56ae495b87e"}
,"/Users/robertzetterlund/Chalmers/togepi_code/Backend/Database/newData.js": {"path":"/Users/robertzetterlund/Chalmers/togepi_code/Backend/Database/newData.js","statementMap":{"0":{"start":{"line":1,"column":22},"end":{"line":6,"column":1}},"1":{"start":{"line":8,"column":19},"end":{"line":13,"column":1}},"2":{"start":{"line":15,"column":14},"end":{"line":20,"column":1}},"3":{"start":{"line":22,"column":20},"end":{"line":30,"column":1}},"4":{"start":{"line":32,"column":15},"end":{"line":40,"column":1}},"5":{"start":{"line":42,"column":15},"end":{"line":50,"column":1}},"6":{"start":{"line":52,"column":19},"end":{"line":60,"column":1}},"7":{"start":{"line":62,"column":19},"end":{"line":70,"column":1}},"8":{"start":{"line":73,"column":14},"end":{"line":89,"column":1}},"9":{"start":{"line":91,"column":20},"end":{"line":101,"column":1}},"10":{"start":{"line":103,"column":0},"end":{"line":106,"column":2}}},"fnMap":{},"branchMap":{},"s":{"0":1,"1":1,"2":1,"3":1,"4":1,"5":1,"6":1,"7":1,"8":1,"9":1,"10":1},"f":{},"b":{},"_coverageSchema":"43e27e138ebf9cfc5966b082cf9a028302ed4184","hash":"6ac1b153c6b6d3e64b69f4a532af708d2f9a5c11"}
}
