TN:
SF:/Users/robertzetterlund/Chalmers/togepi_code/Backend/API/api.js
FN:6,(anonymous_0)
FN:14,(anonymous_1)
FN:18,(anonymous_2)
FN:22,(anonymous_3)
FN:26,(anonymous_4)
FN:31,(anonymous_5)
FN:35,(anonymous_6)
FN:40,(anonymous_7)
FNF:8
FNH:4
FNDA:0,(anonymous_0)
FNDA:0,(anonymous_1)
FNDA:0,(anonymous_2)
FNDA:2,(anonymous_3)
FNDA:7,(anonymous_4)
FNDA:2,(anonymous_5)
FNDA:7,(anonymous_6)
FNDA:0,(anonymous_7)
DA:4,1
DA:6,1
DA:11,0
DA:14,1
DA:15,0
DA:18,1
DA:19,0
DA:22,1
DA:26,7
DA:27,2
DA:28,2
DA:31,1
DA:35,7
DA:36,2
DA:37,2
DA:40,1
DA:47,0
DA:48,0
DA:50,0
DA:53,0
DA:56,0
DA:59,1
LF:22
LH:14
BRDA:28,0,0,1
BRDA:28,0,1,1
BRDA:37,1,0,1
BRDA:37,1,1,1
BRDA:48,2,0,0
BRDA:48,2,1,0
BRDA:53,3,0,0
BRDA:53,3,1,0
BRF:8
BRH:4
end_of_record
TN:
SF:/Users/robertzetterlund/Chalmers/togepi_code/Backend/Database/newData.js
FNF:0
FNH:0
DA:1,1
DA:8,1
DA:15,1
DA:22,1
DA:32,1
DA:42,1
DA:52,1
DA:62,1
DA:73,1
DA:91,1
DA:103,1
LF:11
LH:11
BRF:0
BRH:0
end_of_record
